2025-04-04 03:58:52.289558 - Received CBT.V508.FILE1035.PDS from FILE1035.XMI 
2025-04-04 03:58:52.290846 - Found $$$#DATE.txt (text/plain) in CBT.V508.FILE1035.PDS, moved to PDS/$$$#DATE
2025-04-04 03:58:52.290986 - Found $EXPLAIN.txt (text/plain) in CBT.V508.FILE1035.PDS, moved to PDS/$EXPLAIN
2025-04-04 03:58:52.291356 - Found $PDFDOC.pdf (application/pdf) in CBT.V508.FILE1035.PDS, moved to docs/$PDFDOC.pdf
2025-04-04 03:58:52.291480 - Found $README.rexx (text/plain) in CBT.V508.FILE1035.PDS, moved to PDS/$README
2025-04-04 03:58:52.291651 - Found @FIL1035.txt (text/plain) in CBT.V508.FILE1035.PDS, moved to PDS/@FIL1035
2025-04-04 03:58:52.291806 - Found CEXEC.xmi (application/xmit) in CBT.V508.FILE1035.PDS, moved to PDS/CEXEC.xmi
2025-04-04 03:58:52.322824 - Received REXXMAN.ZPIPE010.CEXEC from CEXEC.xmi 
2025-04-04 03:58:52.323725 - Found $README.bin (application/octet-stream) in REXXMAN.ZPIPE010.CEXEC, moved to CEXEC/$README
2025-04-04 03:58:52.323855 - Found GETFILES.bin (application/octet-stream) in REXXMAN.ZPIPE010.CEXEC, moved to CEXEC/GETFILES
2025-04-04 03:58:52.323973 - Found ISEQ.bin (application/octet-stream) in REXXMAN.ZPIPE010.CEXEC, moved to CEXEC/ISEQ
2025-04-04 03:58:52.324094 - Found ISONEOF.bin (application/octet-stream) in REXXMAN.ZPIPE010.CEXEC, moved to CEXEC/ISONEOF
2025-04-04 03:58:52.324207 - Found JOIN.bin (application/octet-stream) in REXXMAN.ZPIPE010.CEXEC, moved to CEXEC/JOIN
2025-04-04 03:58:52.324321 - Found LINEMODE.bin (application/octet-stream) in REXXMAN.ZPIPE010.CEXEC, moved to CEXEC/LINEMODE
2025-04-04 03:58:52.324431 - Found LITERAL.bin (application/octet-stream) in REXXMAN.ZPIPE010.CEXEC, moved to CEXEC/LITERAL
2025-04-04 03:58:52.324552 - Found MSGPREFX.bin (application/octet-stream) in REXXMAN.ZPIPE010.CEXEC, moved to CEXEC/MSGPREFX
2025-04-04 03:58:52.324666 - Found PICKIF.bin (application/octet-stream) in REXXMAN.ZPIPE010.CEXEC, moved to CEXEC/PICKIF
2025-04-04 03:58:52.324776 - Found PIPCMD.bin (application/octet-stream) in REXXMAN.ZPIPE010.CEXEC, moved to CEXEC/PIPCMD
2025-04-04 03:58:52.324890 - Found QUERY.bin (application/octet-stream) in REXXMAN.ZPIPE010.CEXEC, moved to CEXEC/QUERY
2025-04-04 03:58:52.325003 - Found RC.bin (application/octet-stream) in REXXMAN.ZPIPE010.CEXEC, moved to CEXEC/RC
2025-04-04 03:58:52.325115 - Found RCWORST.bin (application/octet-stream) in REXXMAN.ZPIPE010.CEXEC, moved to CEXEC/RCWORST
2025-04-04 03:58:52.325227 - Found RXCALL.bin (application/octet-stream) in REXXMAN.ZPIPE010.CEXEC, moved to CEXEC/RXCALL
2025-04-04 03:58:52.325343 - Found SAMPLES.bin (application/octet-stream) in REXXMAN.ZPIPE010.CEXEC, moved to CEXEC/SAMPLES
2025-04-04 03:58:52.325453 - Found SPEX.bin (application/octet-stream) in REXXMAN.ZPIPE010.CEXEC, moved to CEXEC/SPEX
2025-04-04 03:58:52.325567 - Found SPLIT.bin (application/octet-stream) in REXXMAN.ZPIPE010.CEXEC, moved to CEXEC/SPLIT
2025-04-04 03:58:52.325697 - Found STACKIO.bin (application/octet-stream) in REXXMAN.ZPIPE010.CEXEC, moved to CEXEC/STACKIO
2025-04-04 03:58:52.325827 - Found STAGENUM.bin (application/octet-stream) in REXXMAN.ZPIPE010.CEXEC, moved to CEXEC/STAGENUM
2025-04-04 03:58:52.325939 - Found STRLITER.bin (application/octet-stream) in REXXMAN.ZPIPE010.CEXEC, moved to CEXEC/STRLITER
2025-04-04 03:58:52.326062 - Found TSO.bin (application/octet-stream) in REXXMAN.ZPIPE010.CEXEC, moved to CEXEC/TSO
2025-04-04 03:58:52.326253 - Found ZPIPE.bin (application/octet-stream) in REXXMAN.ZPIPE010.CEXEC, moved to CEXEC/ZPIPE
2025-04-04 03:58:52.327465 - Found EXEC.xmi (application/xmit) in CBT.V508.FILE1035.PDS, moved to PDS/EXEC.xmi
2025-04-04 03:58:52.541576 - Received REXXMAN.ZPIPE010.EXEC from EXEC.xmi 
2025-04-04 03:58:52.542777 - Found $README.rexx (text/plain) in REXXMAN.ZPIPE010.EXEC, moved to EXEC/$README
2025-04-04 03:58:52.542918 - Found GETFILES.rexx (text/plain) in REXXMAN.ZPIPE010.EXEC, moved to EXEC/GETFILES
2025-04-04 03:58:52.543056 - Found ISEQ.rexx (text/plain) in REXXMAN.ZPIPE010.EXEC, moved to EXEC/ISEQ
2025-04-04 03:58:52.543185 - Found ISONEOF.rexx (text/plain) in REXXMAN.ZPIPE010.EXEC, moved to EXEC/ISONEOF
2025-04-04 03:58:52.543306 - Found JOIN.rexx (text/plain) in REXXMAN.ZPIPE010.EXEC, moved to EXEC/JOIN
2025-04-04 03:58:52.543427 - Found LINEMODE.rexx (text/plain) in REXXMAN.ZPIPE010.EXEC, moved to EXEC/LINEMODE
2025-04-04 03:58:52.543542 - Found LITERAL.rexx (text/plain) in REXXMAN.ZPIPE010.EXEC, moved to EXEC/LITERAL
2025-04-04 03:58:52.543666 - Found MSGPREFX.rexx (text/plain) in REXXMAN.ZPIPE010.EXEC, moved to EXEC/MSGPREFX
2025-04-04 03:58:52.543780 - Found PICKIF.rexx (text/plain) in REXXMAN.ZPIPE010.EXEC, moved to EXEC/PICKIF
2025-04-04 03:58:52.543895 - Found PIPCMD.rexx (text/plain) in REXXMAN.ZPIPE010.EXEC, moved to EXEC/PIPCMD
2025-04-04 03:58:52.544010 - Found QUERY.rexx (text/plain) in REXXMAN.ZPIPE010.EXEC, moved to EXEC/QUERY
2025-04-04 03:58:52.544131 - Found RC.rexx (text/plain) in REXXMAN.ZPIPE010.EXEC, moved to EXEC/RC
2025-04-04 03:58:52.544247 - Found RCWORST.rexx (text/plain) in REXXMAN.ZPIPE010.EXEC, moved to EXEC/RCWORST
2025-04-04 03:58:52.544360 - Found RXCALL.rexx (text/plain) in REXXMAN.ZPIPE010.EXEC, moved to EXEC/RXCALL
2025-04-04 03:58:52.544473 - Found SAMPLES.rexx (text/plain) in REXXMAN.ZPIPE010.EXEC, moved to EXEC/SAMPLES
2025-04-04 03:58:52.544588 - Found SPEX.rexx (text/plain) in REXXMAN.ZPIPE010.EXEC, moved to EXEC/SPEX
2025-04-04 03:58:52.544705 - Found SPLIT.rexx (text/plain) in REXXMAN.ZPIPE010.EXEC, moved to EXEC/SPLIT
2025-04-04 03:58:52.544861 - Found STACKIO.rexx (text/plain) in REXXMAN.ZPIPE010.EXEC, moved to EXEC/STACKIO
2025-04-04 03:58:52.544995 - Found STAGENUM.rexx (text/plain) in REXXMAN.ZPIPE010.EXEC, moved to EXEC/STAGENUM
2025-04-04 03:58:52.545134 - Found STRLITER.rexx (text/plain) in REXXMAN.ZPIPE010.EXEC, moved to EXEC/STRLITER
2025-04-04 03:58:52.545268 - Found TSO.rexx (text/plain) in REXXMAN.ZPIPE010.EXEC, moved to EXEC/TSO
2025-04-04 03:58:52.545393 - Found ZPIPE.rexx (text/plain) in REXXMAN.ZPIPE010.EXEC, moved to EXEC/ZPIPE
2025-04-04 03:58:52.546292 - Found GETFILES.rexx (text/plain) in CBT.V508.FILE1035.PDS, moved to PDS/GETFILES
2025-04-04 03:58:52.546418 - Found ISEQ.rexx (text/plain) in CBT.V508.FILE1035.PDS, moved to PDS/ISEQ
2025-04-04 03:58:52.546544 - Found ISONEOF.rexx (text/plain) in CBT.V508.FILE1035.PDS, moved to PDS/ISONEOF
2025-04-04 03:58:52.546662 - Found JOIN.rexx (text/plain) in CBT.V508.FILE1035.PDS, moved to PDS/JOIN
2025-04-04 03:58:52.546773 - Found LINEMODE.rexx (text/plain) in CBT.V508.FILE1035.PDS, moved to PDS/LINEMODE
2025-04-04 03:58:52.546885 - Found LITERAL.rexx (text/plain) in CBT.V508.FILE1035.PDS, moved to PDS/LITERAL
2025-04-04 03:58:52.546992 - Found MSGPREFX.rexx (text/plain) in CBT.V508.FILE1035.PDS, moved to PDS/MSGPREFX
2025-04-04 03:58:52.547106 - Found PICKIF.rexx (text/plain) in CBT.V508.FILE1035.PDS, moved to PDS/PICKIF
2025-04-04 03:58:52.547226 - Found PIPCMD.rexx (text/plain) in CBT.V508.FILE1035.PDS, moved to PDS/PIPCMD
2025-04-04 03:58:52.547340 - Found QUERY.rexx (text/plain) in CBT.V508.FILE1035.PDS, moved to PDS/QUERY
2025-04-04 03:58:52.547453 - Found RC.rexx (text/plain) in CBT.V508.FILE1035.PDS, moved to PDS/RC
2025-04-04 03:58:52.547578 - Found RCWORST.rexx (text/plain) in CBT.V508.FILE1035.PDS, moved to PDS/RCWORST
2025-04-04 03:58:52.547687 - Found RXCALL.rexx (text/plain) in CBT.V508.FILE1035.PDS, moved to PDS/RXCALL
2025-04-04 03:58:52.547796 - Found SAMPLES.rexx (text/plain) in CBT.V508.FILE1035.PDS, moved to PDS/SAMPLES
2025-04-04 03:58:52.547909 - Found SPEX.rexx (text/plain) in CBT.V508.FILE1035.PDS, moved to PDS/SPEX
2025-04-04 03:58:52.548028 - Found SPLIT.rexx (text/plain) in CBT.V508.FILE1035.PDS, moved to PDS/SPLIT
2025-04-04 03:58:52.548181 - Found STACKIO.rexx (text/plain) in CBT.V508.FILE1035.PDS, moved to PDS/STACKIO
2025-04-04 03:58:52.548297 - Found STAGENUM.rexx (text/plain) in CBT.V508.FILE1035.PDS, moved to PDS/STAGENUM
2025-04-04 03:58:52.548423 - Found STRLITER.rexx (text/plain) in CBT.V508.FILE1035.PDS, moved to PDS/STRLITER
2025-04-04 03:58:52.548551 - Found TSO.rexx (text/plain) in CBT.V508.FILE1035.PDS, moved to PDS/TSO
2025-04-04 03:58:52.548663 - Found ZPIPE.rexx (text/plain) in CBT.V508.FILE1035.PDS, moved to PDS/ZPIPE
